[INFO] Scanning for projects...
[INFO] 
[INFO] Using the builder org.apache.maven.lifecycle.internal.builder.singlethreaded.SingleThreadedBuilder with a thread count of 1
[INFO]                                                                         
[INFO] ------------------------------------------------------------------------
[INFO] Building petclinic 1.0.0-SNAPSHOT
[INFO] ------------------------------------------------------------------------
[INFO] 
[INFO] --- maven-clean-plugin:2.5:clean (default-clean) @ spring-petclinic ---
[INFO] Deleting E:\App\Network_Spring_selenium\PetClinic-App-master\target
[INFO] 
[INFO] --- maven-resources-plugin:2.6:resources (default-resources) @ spring-petclinic ---
[INFO] Using 'UTF-8' encoding to copy filtered resources.
[INFO] Copying 19 resources
[INFO] 
[INFO] --- maven-compiler-plugin:3.0:compile (default-compile) @ spring-petclinic ---
[INFO] Changes detected - recompiling the module!
[INFO] Compiling 45 source files to E:\App\Network_Spring_selenium\PetClinic-App-master\target\classes
[WARNING] bootstrap class path not set in conjunction with -source 1.7
[WARNING] /E:/App/Network_Spring_selenium/PetClinic-App-master/src/main/java/org/springframework/samples/petclinic/repository/jdbc/JdbcPetRowMapper.java:[23,44] org.springframework.jdbc.core.simple.ParameterizedRowMapper in org.springframework.jdbc.core.simple has been deprecated
[WARNING] /E:/App/Network_Spring_selenium/PetClinic-App-master/src/main/java/org/springframework/samples/petclinic/repository/jdbc/JdbcVetRepositoryImpl.java:[27,44] org.springframework.jdbc.core.simple.ParameterizedBeanPropertyRowMapper in org.springframework.jdbc.core.simple has been deprecated
[WARNING] /E:/App/Network_Spring_selenium/PetClinic-App-master/src/main/java/org/springframework/samples/petclinic/repository/jdbc/JdbcVetRepositoryImpl.java:[28,44] org.springframework.jdbc.core.simple.ParameterizedRowMapper in org.springframework.jdbc.core.simple has been deprecated
[WARNING] /E:/App/Network_Spring_selenium/PetClinic-App-master/src/main/java/org/springframework/samples/petclinic/repository/jdbc/JdbcPetRepositoryImpl.java:[29,44] org.springframework.jdbc.core.simple.ParameterizedBeanPropertyRowMapper in org.springframework.jdbc.core.simple has been deprecated
[WARNING] /E:/App/Network_Spring_selenium/PetClinic-App-master/src/main/java/org/springframework/samples/petclinic/repository/jdbc/JdbcOwnerRepositoryImpl.java:[30,44] org.springframework.jdbc.core.simple.ParameterizedBeanPropertyRowMapper in org.springframework.jdbc.core.simple has been deprecated
[WARNING] /E:/App/Network_Spring_selenium/PetClinic-App-master/src/main/java/org/springframework/samples/petclinic/repository/jdbc/JdbcVisitRepositoryImpl.java:[30,44] org.springframework.jdbc.core.simple.ParameterizedRowMapper in org.springframework.jdbc.core.simple has been deprecated
[WARNING] /E:/App/Network_Spring_selenium/PetClinic-App-master/src/main/java/org/springframework/samples/petclinic/repository/jdbc/JdbcPetRowMapper.java:[29,35] org.springframework.jdbc.core.simple.ParameterizedRowMapper in org.springframework.jdbc.core.simple has been deprecated
[WARNING] /E:/App/Network_Spring_selenium/PetClinic-App-master/src/main/java/org/springframework/samples/petclinic/repository/jdbc/JdbcVetRepositoryImpl.java:[68,17] org.springframework.jdbc.core.simple.ParameterizedBeanPropertyRowMapper in org.springframework.jdbc.core.simple has been deprecated
[WARNING] /E:/App/Network_Spring_selenium/PetClinic-App-master/src/main/java/org/springframework/samples/petclinic/repository/jdbc/JdbcVetRepositoryImpl.java:[73,17] org.springframework.jdbc.core.simple.ParameterizedBeanPropertyRowMapper in org.springframework.jdbc.core.simple has been deprecated
[WARNING] /E:/App/Network_Spring_selenium/PetClinic-App-master/src/main/java/org/springframework/samples/petclinic/repository/jdbc/JdbcVetRepositoryImpl.java:[79,25] org.springframework.jdbc.core.simple.ParameterizedRowMapper in org.springframework.jdbc.core.simple has been deprecated
[WARNING] /E:/App/Network_Spring_selenium/PetClinic-App-master/src/main/java/org/springframework/samples/petclinic/repository/jdbc/JdbcPetRepositoryImpl.java:[80,17] org.springframework.jdbc.core.simple.ParameterizedBeanPropertyRowMapper in org.springframework.jdbc.core.simple has been deprecated
[WARNING] /E:/App/Network_Spring_selenium/PetClinic-App-master/src/main/java/org/springframework/samples/petclinic/repository/jdbc/JdbcOwnerRepositoryImpl.java:[87,17] org.springframework.jdbc.core.simple.ParameterizedBeanPropertyRowMapper in org.springframework.jdbc.core.simple has been deprecated
[WARNING] /E:/App/Network_Spring_selenium/PetClinic-App-master/src/main/java/org/springframework/samples/petclinic/repository/jdbc/JdbcOwnerRepositoryImpl.java:[106,21] org.springframework.jdbc.core.simple.ParameterizedBeanPropertyRowMapper in org.springframework.jdbc.core.simple has been deprecated
[WARNING] /E:/App/Network_Spring_selenium/PetClinic-App-master/src/main/java/org/springframework/samples/petclinic/repository/jdbc/JdbcOwnerRepositoryImpl.java:[150,17] org.springframework.jdbc.core.simple.ParameterizedBeanPropertyRowMapper in org.springframework.jdbc.core.simple has been deprecated
[WARNING] /E:/App/Network_Spring_selenium/PetClinic-App-master/src/main/java/org/springframework/samples/petclinic/repository/jdbc/JdbcVisitRepositoryImpl.java:[95,21] org.springframework.jdbc.core.simple.ParameterizedRowMapper in org.springframework.jdbc.core.simple has been deprecated
[INFO] 
[INFO] --- maven-resources-plugin:2.6:testResources (default-testResources) @ spring-petclinic ---
[INFO] Using 'UTF-8' encoding to copy filtered resources.
[INFO] Copying 8 resources
[INFO] skip non existing resourceDirectory E:\App\Network_Spring_selenium\PetClinic-App-master\src\test\resources
[INFO] 
[INFO] --- maven-compiler-plugin:3.0:testCompile (default-testCompile) @ spring-petclinic ---
[INFO] Changes detected - recompiling the module!
[INFO] Compiling 7 source files to E:\App\Network_Spring_selenium\PetClinic-App-master\target\test-classes
[WARNING] bootstrap class path not set in conjunction with -source 1.7
[INFO] 
[INFO] --- maven-surefire-plugin:2.13:test (default-test) @ spring-petclinic ---
[INFO] Surefire report directory: E:\App\Network_Spring_selenium\PetClinic-App-master\target\surefire-reports

-------------------------------------------------------
 T E S T S
-------------------------------------------------------
Running org.springframework.samples.petclinic.model.OwnerTests
Tests run: 1, Failures: 0, Errors: 0, Skipped: 0, Time elapsed: 0.032 sec
Running org.springframework.samples.petclinic.model.ValidatorTests
INFO  Version - HV000001: Hibernate Validator 4.3.1.Final
Tests run: 1, Failures: 0, Errors: 0, Skipped: 0, Time elapsed: 0.484 sec
Running org.springframework.samples.petclinic.service.ClinicServiceJdbcTests
INFO  DefaultTestContextBootstrapper - Loaded default TestExecutionListener class names from location [META-INF/spring.factories]: [org.springframework.test.context.web.ServletTestExecutionListener, org.springframework.test.context.support.DependencyInjectionTestExecutionListener, org.springframework.test.context.support.DirtiesContextTestExecutionListener, org.springframework.test.context.transaction.TransactionalTestExecutionListener, org.springframework.test.context.jdbc.SqlScriptsTestExecutionListener]
INFO  DefaultTestContextBootstrapper - Using TestExecutionListeners: [org.springframework.test.context.web.ServletTestExecutionListener@e965f5, org.springframework.test.context.support.DependencyInjectionTestExecutionListener@127a732, org.springframework.test.context.support.DirtiesContextTestExecutionListener@779568, org.springframework.test.context.transaction.TransactionalTestExecutionListener@1381794, org.springframework.test.context.jdbc.SqlScriptsTestExecutionListener@dd0d4b]
INFO  XmlBeanDefinitionReader - Loading XML bean definitions from class path resource [spring/business-config.xml]
INFO  XmlBeanDefinitionReader - Loading XML bean definitions from class path resource [spring/datasource-config.xml]
INFO  GenericApplicationContext - Refreshing org.springframework.context.support.GenericApplicationContext@55dd0c: startup date [Fri Oct 12 12:54:36 IST 2018]; root of context hierarchy
INFO  PropertyPlaceholderConfigurer - Loading properties file from class path resource [spring/data-access.properties]
INFO  PropertyPlaceholderConfigurer - Loading properties file from class path resource [spring/data-access.properties]
INFO  ScriptUtils - Executing SQL script from class path resource [db/hsqldb/initDB.sql]
INFO  ScriptUtils - Executed SQL script from class path resource [db/hsqldb/initDB.sql] in 0 ms.
INFO  ScriptUtils - Executing SQL script from class path resource [db/hsqldb/populateDB.sql]
INFO  ScriptUtils - Executed SQL script from class path resource [db/hsqldb/populateDB.sql] in 16 ms.
INFO  TransactionContext - Began transaction (1) for test context [DefaultTestContext@1a002b1 testClass = ClinicServiceJdbcTests, testInstance = org.springframework.samples.petclinic.service.ClinicServiceJdbcTests@eea57d, testMethod = updatePet@AbstractClinicServiceTests, testException = [null], mergedContextConfiguration = [MergedContextConfiguration@ec4a5 testClass = ClinicServiceJdbcTests, locations = '{classpath:spring/business-config.xml}', classes = '{}', contextInitializerClasses = '[]', activeProfiles = '{jdbc}', propertySourceLocations = '{}', propertySourceProperties = '{}', contextLoader = 'org.springframework.test.context.support.DelegatingSmartContextLoader', parent = [null]]]; transaction manager [org.springframework.jdbc.datasource.DataSourceTransactionManager@24ddd0]; rollback [true]
INFO  TransactionContext - Rolled back transaction for test context [DefaultTestContext@1a002b1 testClass = ClinicServiceJdbcTests, testInstance = org.springframework.samples.petclinic.service.ClinicServiceJdbcTests@eea57d, testMethod = updatePet@AbstractClinicServiceTests, testException = [null], mergedContextConfiguration = [MergedContextConfiguration@ec4a5 testClass = ClinicServiceJdbcTests, locations = '{classpath:spring/business-config.xml}', classes = '{}', contextInitializerClasses = '[]', activeProfiles = '{jdbc}', propertySourceLocations = '{}', propertySourceProperties = '{}', contextLoader = 'org.springframework.test.context.support.DelegatingSmartContextLoader', parent = [null]]].
INFO  TransactionContext - Began transaction (1) for test context [DefaultTestContext@1a002b1 testClass = ClinicServiceJdbcTests, testInstance = org.springframework.samples.petclinic.service.ClinicServiceJdbcTests@10628de, testMethod = updateOwner@AbstractClinicServiceTests, testException = [null], mergedContextConfiguration = [MergedContextConfiguration@ec4a5 testClass = ClinicServiceJdbcTests, locations = '{classpath:spring/business-config.xml}', classes = '{}', contextInitializerClasses = '[]', activeProfiles = '{jdbc}', propertySourceLocations = '{}', propertySourceProperties = '{}', contextLoader = 'org.springframework.test.context.support.DelegatingSmartContextLoader', parent = [null]]]; transaction manager [org.springframework.jdbc.datasource.DataSourceTransactionManager@24ddd0]; rollback [true]
INFO  TransactionContext - Rolled back transaction for test context [DefaultTestContext@1a002b1 testClass = ClinicServiceJdbcTests, testInstance = org.springframework.samples.petclinic.service.ClinicServiceJdbcTests@10628de, testMethod = updateOwner@AbstractClinicServiceTests, testException = [null], mergedContextConfiguration = [MergedContextConfiguration@ec4a5 testClass = ClinicServiceJdbcTests, locations = '{classpath:spring/business-config.xml}', classes = '{}', contextInitializerClasses = '[]', activeProfiles = '{jdbc}', propertySourceLocations = '{}', propertySourceProperties = '{}', contextLoader = 'org.springframework.test.context.support.DelegatingSmartContextLoader', parent = [null]]].
INFO  TransactionContext - Began transaction (1) for test context [DefaultTestContext@1a002b1 testClass = ClinicServiceJdbcTests, testInstance = org.springframework.samples.petclinic.service.ClinicServiceJdbcTests@16a7463, testMethod = insertPet@AbstractClinicServiceTests, testException = [null], mergedContextConfiguration = [MergedContextConfiguration@ec4a5 testClass = ClinicServiceJdbcTests, locations = '{classpath:spring/business-config.xml}', classes = '{}', contextInitializerClasses = '[]', activeProfiles = '{jdbc}', propertySourceLocations = '{}', propertySourceProperties = '{}', contextLoader = 'org.springframework.test.context.support.DelegatingSmartContextLoader', parent = [null]]]; transaction manager [org.springframework.jdbc.datasource.DataSourceTransactionManager@24ddd0]; rollback [true]
INFO  TransactionContext - Rolled back transaction for test context [DefaultTestContext@1a002b1 testClass = ClinicServiceJdbcTests, testInstance = org.springframework.samples.petclinic.service.ClinicServiceJdbcTests@16a7463, testMethod = insertPet@AbstractClinicServiceTests, testException = [null], mergedContextConfiguration = [MergedContextConfiguration@ec4a5 testClass = ClinicServiceJdbcTests, locations = '{classpath:spring/business-config.xml}', classes = '{}', contextInitializerClasses = '[]', activeProfiles = '{jdbc}', propertySourceLocations = '{}', propertySourceProperties = '{}', contextLoader = 'org.springframework.test.context.support.DelegatingSmartContextLoader', parent = [null]]].
INFO  TransactionContext - Began transaction (1) for test context [DefaultTestContext@1a002b1 testClass = ClinicServiceJdbcTests, testInstance = org.springframework.samples.petclinic.service.ClinicServiceJdbcTests@1ef722a, testMethod = insertOwner@AbstractClinicServiceTests, testException = [null], mergedContextConfiguration = [MergedContextConfiguration@ec4a5 testClass = ClinicServiceJdbcTests, locations = '{classpath:spring/business-config.xml}', classes = '{}', contextInitializerClasses = '[]', activeProfiles = '{jdbc}', propertySourceLocations = '{}', propertySourceProperties = '{}', contextLoader = 'org.springframework.test.context.support.DelegatingSmartContextLoader', parent = [null]]]; transaction manager [org.springframework.jdbc.datasource.DataSourceTransactionManager@24ddd0]; rollback [true]
INFO  TransactionContext - Rolled back transaction for test context [DefaultTestContext@1a002b1 testClass = ClinicServiceJdbcTests, testInstance = org.springframework.samples.petclinic.service.ClinicServiceJdbcTests@1ef722a, testMethod = insertOwner@AbstractClinicServiceTests, testException = [null], mergedContextConfiguration = [MergedContextConfiguration@ec4a5 testClass = ClinicServiceJdbcTests, locations = '{classpath:spring/business-config.xml}', classes = '{}', contextInitializerClasses = '[]', activeProfiles = '{jdbc}', propertySourceLocations = '{}', propertySourceProperties = '{}', contextLoader = 'org.springframework.test.context.support.DelegatingSmartContextLoader', parent = [null]]].
INFO  TransactionContext - Began transaction (1) for test context [DefaultTestContext@1a002b1 testClass = ClinicServiceJdbcTests, testInstance = org.springframework.samples.petclinic.service.ClinicServiceJdbcTests@2577d6, testMethod = insertVisit@AbstractClinicServiceTests, testException = [null], mergedContextConfiguration = [MergedContextConfiguration@ec4a5 testClass = ClinicServiceJdbcTests, locations = '{classpath:spring/business-config.xml}', classes = '{}', contextInitializerClasses = '[]', activeProfiles = '{jdbc}', propertySourceLocations = '{}', propertySourceProperties = '{}', contextLoader = 'org.springframework.test.context.support.DelegatingSmartContextLoader', parent = [null]]]; transaction manager [org.springframework.jdbc.datasource.DataSourceTransactionManager@24ddd0]; rollback [true]
INFO  TransactionContext - Rolled back transaction for test context [DefaultTestContext@1a002b1 testClass = ClinicServiceJdbcTests, testInstance = org.springframework.samples.petclinic.service.ClinicServiceJdbcTests@2577d6, testMethod = insertVisit@AbstractClinicServiceTests, testException = [null], mergedContextConfiguration = [MergedContextConfiguration@ec4a5 testClass = ClinicServiceJdbcTests, locations = '{classpath:spring/business-config.xml}', classes = '{}', contextInitializerClasses = '[]', activeProfiles = '{jdbc}', propertySourceLocations = '{}', propertySourceProperties = '{}', contextLoader = 'org.springframework.test.context.support.DelegatingSmartContextLoader', parent = [null]]].
INFO  TransactionContext - Began transaction (1) for test context [DefaultTestContext@1a002b1 testClass = ClinicServiceJdbcTests, testInstance = org.springframework.samples.petclinic.service.ClinicServiceJdbcTests@371e13, testMethod = findOwners@AbstractClinicServiceTests, testException = [null], mergedContextConfiguration = [MergedContextConfiguration@ec4a5 testClass = ClinicServiceJdbcTests, locations = '{classpath:spring/business-config.xml}', classes = '{}', contextInitializerClasses = '[]', activeProfiles = '{jdbc}', propertySourceLocations = '{}', propertySourceProperties = '{}', contextLoader = 'org.springframework.test.context.support.DelegatingSmartContextLoader', parent = [null]]]; transaction manager [org.springframework.jdbc.datasource.DataSourceTransactionManager@24ddd0]; rollback [true]
INFO  TransactionContext - Rolled back transaction for test context [DefaultTestContext@1a002b1 testClass = ClinicServiceJdbcTests, testInstance = org.springframework.samples.petclinic.service.ClinicServiceJdbcTests@371e13, testMethod = findOwners@AbstractClinicServiceTests, testException = [null], mergedContextConfiguration = [MergedContextConfiguration@ec4a5 testClass = ClinicServiceJdbcTests, locations = '{classpath:spring/business-config.xml}', classes = '{}', contextInitializerClasses = '[]', activeProfiles = '{jdbc}', propertySourceLocations = '{}', propertySourceProperties = '{}', contextLoader = 'org.springframework.test.context.support.DelegatingSmartContextLoader', parent = [null]]].
Tests run: 10, Failures: 0, Errors: 0, Skipped: 0, Time elapsed: 1.248 sec
Running org.springframework.samples.petclinic.service.ClinicServiceJpaTests
INFO  DefaultTestContextBootstrapper - Loaded default TestExecutionListener class names from location [META-INF/spring.factories]: [org.springframework.test.context.web.ServletTestExecutionListener, org.springframework.test.context.support.DependencyInjectionTestExecutionListener, org.springframework.test.context.support.DirtiesContextTestExecutionListener, org.springframework.test.context.transaction.TransactionalTestExecutionListener, org.springframework.test.context.jdbc.SqlScriptsTestExecutionListener]
INFO  DefaultTestContextBootstrapper - Using TestExecutionListeners: [org.springframework.test.context.web.ServletTestExecutionListener@1ad777f, org.springframework.test.context.support.DependencyInjectionTestExecutionListener@1bbdd4b, org.springframework.test.context.support.DirtiesContextTestExecutionListener@18bad7c, org.springframework.test.context.transaction.TransactionalTestExecutionListener@1230246, org.springframework.test.context.jdbc.SqlScriptsTestExecutionListener@1df8f12]
INFO  XmlBeanDefinitionReader - Loading XML bean definitions from class path resource [spring/business-config.xml]
INFO  XmlBeanDefinitionReader - Loading XML bean definitions from class path resource [spring/datasource-config.xml]
INFO  GenericApplicationContext - Refreshing org.springframework.context.support.GenericApplicationContext@8b5227: startup date [Fri Oct 12 12:54:37 IST 2018]; root of context hierarchy
INFO  PropertyPlaceholderConfigurer - Loading properties file from class path resource [spring/data-access.properties]
INFO  PropertyPlaceholderConfigurer - Loading properties file from class path resource [spring/data-access.properties]
INFO  LocalContainerEntityManagerFactoryBean - Building JPA container EntityManagerFactory for persistence unit 'petclinic'
INFO  LogHelper - HHH000204: Processing PersistenceUnitInfo [
	name: petclinic
	...]
INFO  Version - HHH000412: Hibernate Core {4.3.6.Final}
INFO  Environment - HHH000206: hibernate.properties not found
INFO  Environment - HHH000021: Bytecode provider name : javassist
INFO  Version - HCANN000001: Hibernate Commons Annotations {4.0.5.Final}
INFO  Dialect - HHH000400: Using dialect: org.hibernate.dialect.HSQLDialect
INFO  ASTQueryTranslatorFactory - HHH000397: Using ASTQueryTranslatorFactory
INFO  ScriptUtils - Executing SQL script from class path resource [db/hsqldb/initDB.sql]
INFO  ScriptUtils - Executed SQL script from class path resource [db/hsqldb/initDB.sql] in 0 ms.
INFO  ScriptUtils - Executing SQL script from class path resource [db/hsqldb/populateDB.sql]
INFO  ScriptUtils - Executed SQL script from class path resource [db/hsqldb/populateDB.sql] in 0 ms.
INFO  TransactionContext - Began transaction (1) for test context [DefaultTestContext@dacf20 testClass = ClinicServiceJpaTests, testInstance = org.springframework.samples.petclinic.service.ClinicServiceJpaTests@a5eb6d, testMethod = updatePet@AbstractClinicServiceTests, testException = [null], mergedContextConfiguration = [MergedContextConfiguration@307087 testClass = ClinicServiceJpaTests, locations = '{classpath:spring/business-config.xml}', classes = '{}', contextInitializerClasses = '[]', activeProfiles = '{jpa}', propertySourceLocations = '{}', propertySourceProperties = '{}', contextLoader = 'org.springframework.test.context.support.DelegatingSmartContextLoader', parent = [null]]]; transaction manager [org.springframework.orm.jpa.JpaTransactionManager@20ef43]; rollback [true]
Hibernate: select pet0_.id as id1_1_0_, pet0_.name as name2_1_0_, pet0_.birth_date as birth_da3_1_0_, pet0_.owner_id as owner_id4_1_0_, pet0_.type_id as type_id5_1_0_, owner1_.id as id1_0_1_, owner1_.first_name as first_na2_0_1_, owner1_.last_name as last_nam3_0_1_, owner1_.address as address4_0_1_, owner1_.city as city5_0_1_, owner1_.telephone as telephon6_0_1_, pettype2_.id as id1_3_2_, pettype2_.name as name2_3_2_, visits3_.pet_id as pet_id4_1_3_, visits3_.id as id1_6_3_, visits3_.id as id1_6_4_, visits3_.visit_date as visit_da2_6_4_, visits3_.description as descript3_6_4_, visits3_.pet_id as pet_id4_6_4_ from pets pet0_ left outer join owners owner1_ on pet0_.owner_id=owner1_.id left outer join types pettype2_ on pet0_.type_id=pettype2_.id left outer join visits visits3_ on pet0_.id=visits3_.pet_id where pet0_.id=?
INFO  TransactionContext - Rolled back transaction for test context [DefaultTestContext@dacf20 testClass = ClinicServiceJpaTests, testInstance = org.springframework.samples.petclinic.service.ClinicServiceJpaTests@a5eb6d, testMethod = updatePet@AbstractClinicServiceTests, testException = [null], mergedContextConfiguration = [MergedContextConfiguration@307087 testClass = ClinicServiceJpaTests, locations = '{classpath:spring/business-config.xml}', classes = '{}', contextInitializerClasses = '[]', activeProfiles = '{jpa}', propertySourceLocations = '{}', propertySourceProperties = '{}', contextLoader = 'org.springframework.test.context.support.DelegatingSmartContextLoader', parent = [null]]].
Hibernate: select pettype0_.id as id1_3_, pettype0_.name as name2_3_ from types pettype0_ order by pettype0_.name
Hibernate: select pettype0_.id as id1_3_, pettype0_.name as name2_3_ from types pettype0_ order by pettype0_.name
Hibernate: select pet0_.id as id1_1_0_, pet0_.name as name2_1_0_, pet0_.birth_date as birth_da3_1_0_, pet0_.owner_id as owner_id4_1_0_, pet0_.type_id as type_id5_1_0_, owner1_.id as id1_0_1_, owner1_.first_name as first_na2_0_1_, owner1_.last_name as last_nam3_0_1_, owner1_.address as address4_0_1_, owner1_.city as city5_0_1_, owner1_.telephone as telephon6_0_1_, pettype2_.id as id1_3_2_, pettype2_.name as name2_3_2_, visits3_.pet_id as pet_id4_1_3_, visits3_.id as id1_6_3_, visits3_.id as id1_6_4_, visits3_.visit_date as visit_da2_6_4_, visits3_.description as descript3_6_4_, visits3_.pet_id as pet_id4_6_4_ from pets pet0_ left outer join owners owner1_ on pet0_.owner_id=owner1_.id left outer join types pettype2_ on pet0_.type_id=pettype2_.id left outer join visits visits3_ on pet0_.id=visits3_.pet_id where pet0_.id=?
Hibernate: select pet0_.id as id1_1_0_, pet0_.name as name2_1_0_, pet0_.birth_date as birth_da3_1_0_, pet0_.owner_id as owner_id4_1_0_, pet0_.type_id as type_id5_1_0_, owner1_.id as id1_0_1_, owner1_.first_name as first_na2_0_1_, owner1_.last_name as last_nam3_0_1_, owner1_.address as address4_0_1_, owner1_.city as city5_0_1_, owner1_.telephone as telephon6_0_1_, pettype2_.id as id1_3_2_, pettype2_.name as name2_3_2_, visits3_.pet_id as pet_id4_1_3_, visits3_.id as id1_6_3_, visits3_.id as id1_6_4_, visits3_.visit_date as visit_da2_6_4_, visits3_.description as descript3_6_4_, visits3_.pet_id as pet_id4_6_4_ from pets pet0_ left outer join owners owner1_ on pet0_.owner_id=owner1_.id left outer join types pettype2_ on pet0_.type_id=pettype2_.id left outer join visits visits3_ on pet0_.id=visits3_.pet_id where pet0_.id=?
Hibernate: select distinct vet0_.id as id1_5_0_, specialty2_.id as id1_2_1_, vet0_.first_name as first_na2_5_0_, vet0_.last_name as last_nam3_5_0_, specialty2_.name as name2_2_1_, specialtie1_.vet_id as vet_id1_5_0__, specialtie1_.specialty_id as specialt2_4_0__ from vets vet0_ left outer join vet_specialties specialtie1_ on vet0_.id=specialtie1_.vet_id left outer join specialties specialty2_ on specialtie1_.specialty_id=specialty2_.id order by vet0_.last_name, vet0_.first_name
INFO  TransactionContext - Began transaction (1) for test context [DefaultTestContext@dacf20 testClass = ClinicServiceJpaTests, testInstance = org.springframework.samples.petclinic.service.ClinicServiceJpaTests@917723, testMethod = updateOwner@AbstractClinicServiceTests, testException = [null], mergedContextConfiguration = [MergedContextConfiguration@307087 testClass = ClinicServiceJpaTests, locations = '{classpath:spring/business-config.xml}', classes = '{}', contextInitializerClasses = '[]', activeProfiles = '{jpa}', propertySourceLocations = '{}', propertySourceProperties = '{}', contextLoader = 'org.springframework.test.context.support.DelegatingSmartContextLoader', parent = [null]]]; transaction manager [org.springframework.orm.jpa.JpaTransactionManager@20ef43]; rollback [true]
Hibernate: select owner0_.id as id1_0_0_, pets1_.id as id1_1_1_, owner0_.first_name as first_na2_0_0_, owner0_.last_name as last_nam3_0_0_, owner0_.address as address4_0_0_, owner0_.city as city5_0_0_, owner0_.telephone as telephon6_0_0_, pets1_.name as name2_1_1_, pets1_.birth_date as birth_da3_1_1_, pets1_.owner_id as owner_id4_1_1_, pets1_.type_id as type_id5_1_1_, pets1_.owner_id as owner_id4_0_0__, pets1_.id as id1_1_0__ from owners owner0_ left outer join pets pets1_ on owner0_.id=pets1_.owner_id where owner0_.id=?
Hibernate: select pettype0_.id as id1_3_0_, pettype0_.name as name2_3_0_ from types pettype0_ where pettype0_.id=?
Hibernate: select visits0_.pet_id as pet_id4_1_0_, visits0_.id as id1_6_0_, visits0_.id as id1_6_1_, visits0_.visit_date as visit_da2_6_1_, visits0_.description as descript3_6_1_, visits0_.pet_id as pet_id4_6_1_ from visits visits0_ where visits0_.pet_id=?
Hibernate: update owners set first_name=?, last_name=?, address=?, city=?, telephone=? where id=?
Hibernate: select owner0_.id as id1_0_0_, pets1_.id as id1_1_1_, owner0_.first_name as first_na2_0_0_, owner0_.last_name as last_nam3_0_0_, owner0_.address as address4_0_0_, owner0_.city as city5_0_0_, owner0_.telephone as telephon6_0_0_, pets1_.name as name2_1_1_, pets1_.birth_date as birth_da3_1_1_, pets1_.owner_id as owner_id4_1_1_, pets1_.type_id as type_id5_1_1_, pets1_.owner_id as owner_id4_0_0__, pets1_.id as id1_1_0__ from owners owner0_ left outer join pets pets1_ on owner0_.id=pets1_.owner_id where owner0_.id=?
INFO  TransactionContext - Rolled back transaction for test context [DefaultTestContext@dacf20 testClass = ClinicServiceJpaTests, testInstance = org.springframework.samples.petclinic.service.ClinicServiceJpaTests@917723, testMethod = updateOwner@AbstractClinicServiceTests, testException = [null], mergedContextConfiguration = [MergedContextConfiguration@307087 testClass = ClinicServiceJpaTests, locations = '{classpath:spring/business-config.xml}', classes = '{}', contextInitializerClasses = '[]', activeProfiles = '{jpa}', propertySourceLocations = '{}', propertySourceProperties = '{}', contextLoader = 'org.springframework.test.context.support.DelegatingSmartContextLoader', parent = [null]]].
INFO  TransactionContext - Began transaction (1) for test context [DefaultTestContext@dacf20 testClass = ClinicServiceJpaTests, testInstance = org.springframework.samples.petclinic.service.ClinicServiceJpaTests@224df5, testMethod = insertPet@AbstractClinicServiceTests, testException = [null], mergedContextConfiguration = [MergedContextConfiguration@307087 testClass = ClinicServiceJpaTests, locations = '{classpath:spring/business-config.xml}', classes = '{}', contextInitializerClasses = '[]', activeProfiles = '{jpa}', propertySourceLocations = '{}', propertySourceProperties = '{}', contextLoader = 'org.springframework.test.context.support.DelegatingSmartContextLoader', parent = [null]]]; transaction manager [org.springframework.orm.jpa.JpaTransactionManager@20ef43]; rollback [true]
Hibernate: select owner0_.id as id1_0_0_, pets1_.id as id1_1_1_, owner0_.first_name as first_na2_0_0_, owner0_.last_name as last_nam3_0_0_, owner0_.address as address4_0_0_, owner0_.city as city5_0_0_, owner0_.telephone as telephon6_0_0_, pets1_.name as name2_1_1_, pets1_.birth_date as birth_da3_1_1_, pets1_.owner_id as owner_id4_1_1_, pets1_.type_id as type_id5_1_1_, pets1_.owner_id as owner_id4_0_0__, pets1_.id as id1_1_0__ from owners owner0_ left outer join pets pets1_ on owner0_.id=pets1_.owner_id where owner0_.id=?
Hibernate: select pettype0_.id as id1_3_0_, pettype0_.name as name2_3_0_ from types pettype0_ where pettype0_.id=?
Hibernate: select visits0_.pet_id as pet_id4_1_0_, visits0_.id as id1_6_0_, visits0_.id as id1_6_1_, visits0_.visit_date as visit_da2_6_1_, visits0_.description as descript3_6_1_, visits0_.pet_id as pet_id4_6_1_ from visits visits0_ where visits0_.pet_id=?
Hibernate: select visits0_.pet_id as pet_id4_1_0_, visits0_.id as id1_6_0_, visits0_.id as id1_6_1_, visits0_.visit_date as visit_da2_6_1_, visits0_.description as descript3_6_1_, visits0_.pet_id as pet_id4_6_1_ from visits visits0_ where visits0_.pet_id=?
Hibernate: select pettype0_.id as id1_3_, pettype0_.name as name2_3_ from types pettype0_ order by pettype0_.name
Hibernate: insert into pets (id, name, birth_date, owner_id, type_id) values (default, ?, ?, ?, ?)
Hibernate: select owner0_.id as id1_0_0_, pets1_.id as id1_1_1_, owner0_.first_name as first_na2_0_0_, owner0_.last_name as last_nam3_0_0_, owner0_.address as address4_0_0_, owner0_.city as city5_0_0_, owner0_.telephone as telephon6_0_0_, pets1_.name as name2_1_1_, pets1_.birth_date as birth_da3_1_1_, pets1_.owner_id as owner_id4_1_1_, pets1_.type_id as type_id5_1_1_, pets1_.owner_id as owner_id4_0_0__, pets1_.id as id1_1_0__ from owners owner0_ left outer join pets pets1_ on owner0_.id=pets1_.owner_id where owner0_.id=?
INFO  TransactionContext - Rolled back transaction for test context [DefaultTestContext@dacf20 testClass = ClinicServiceJpaTests, testInstance = org.springframework.samples.petclinic.service.ClinicServiceJpaTests@224df5, testMethod = insertPet@AbstractClinicServiceTests, testException = [null], mergedContextConfiguration = [MergedContextConfiguration@307087 testClass = ClinicServiceJpaTests, locations = '{classpath:spring/business-config.xml}', classes = '{}', contextInitializerClasses = '[]', activeProfiles = '{jpa}', propertySourceLocations = '{}', propertySourceProperties = '{}', contextLoader = 'org.springframework.test.context.support.DelegatingSmartContextLoader', parent = [null]]].
Hibernate: select owner0_.id as id1_0_0_, pets1_.id as id1_1_1_, owner0_.first_name as first_na2_0_0_, owner0_.last_name as last_nam3_0_0_, owner0_.address as address4_0_0_, owner0_.city as city5_0_0_, owner0_.telephone as telephon6_0_0_, pets1_.name as name2_1_1_, pets1_.birth_date as birth_da3_1_1_, pets1_.owner_id as owner_id4_1_1_, pets1_.type_id as type_id5_1_1_, pets1_.owner_id as owner_id4_0_0__, pets1_.id as id1_1_0__ from owners owner0_ left outer join pets pets1_ on owner0_.id=pets1_.owner_id where owner0_.id=?
Hibernate: select pettype0_.id as id1_3_0_, pettype0_.name as name2_3_0_ from types pettype0_ where pettype0_.id=?
Hibernate: select visits0_.pet_id as pet_id4_1_0_, visits0_.id as id1_6_0_, visits0_.id as id1_6_1_, visits0_.visit_date as visit_da2_6_1_, visits0_.description as descript3_6_1_, visits0_.pet_id as pet_id4_6_1_ from visits visits0_ where visits0_.pet_id=?
Hibernate: select owner0_.id as id1_0_0_, pets1_.id as id1_1_1_, owner0_.first_name as first_na2_0_0_, owner0_.last_name as last_nam3_0_0_, owner0_.address as address4_0_0_, owner0_.city as city5_0_0_, owner0_.telephone as telephon6_0_0_, pets1_.name as name2_1_1_, pets1_.birth_date as birth_da3_1_1_, pets1_.owner_id as owner_id4_1_1_, pets1_.type_id as type_id5_1_1_, pets1_.owner_id as owner_id4_0_0__, pets1_.id as id1_1_0__ from owners owner0_ left outer join pets pets1_ on owner0_.id=pets1_.owner_id where owner0_.id=?
Hibernate: select pettype0_.id as id1_3_0_, pettype0_.name as name2_3_0_ from types pettype0_ where pettype0_.id=?
Hibernate: select pettype0_.id as id1_3_0_, pettype0_.name as name2_3_0_ from types pettype0_ where pettype0_.id=?
Hibernate: select visits0_.pet_id as pet_id4_1_0_, visits0_.id as id1_6_0_, visits0_.id as id1_6_1_, visits0_.visit_date as visit_da2_6_1_, visits0_.description as descript3_6_1_, visits0_.pet_id as pet_id4_6_1_ from visits visits0_ where visits0_.pet_id=?
Hibernate: select visits0_.pet_id as pet_id4_1_0_, visits0_.id as id1_6_0_, visits0_.id as id1_6_1_, visits0_.visit_date as visit_da2_6_1_, visits0_.description as descript3_6_1_, visits0_.pet_id as pet_id4_6_1_ from visits visits0_ where visits0_.pet_id=?
INFO  TransactionContext - Began transaction (1) for test context [DefaultTestContext@dacf20 testClass = ClinicServiceJpaTests, testInstance = org.springframework.samples.petclinic.service.ClinicServiceJpaTests@53acd2, testMethod = insertOwner@AbstractClinicServiceTests, testException = [null], mergedContextConfiguration = [MergedContextConfiguration@307087 testClass = ClinicServiceJpaTests, locations = '{classpath:spring/business-config.xml}', classes = '{}', contextInitializerClasses = '[]', activeProfiles = '{jpa}', propertySourceLocations = '{}', propertySourceProperties = '{}', contextLoader = 'org.springframework.test.context.support.DelegatingSmartContextLoader', parent = [null]]]; transaction manager [org.springframework.orm.jpa.JpaTransactionManager@20ef43]; rollback [true]
Hibernate: select distinct owner0_.id as id1_0_0_, pets1_.id as id1_1_1_, owner0_.first_name as first_na2_0_0_, owner0_.last_name as last_nam3_0_0_, owner0_.address as address4_0_0_, owner0_.city as city5_0_0_, owner0_.telephone as telephon6_0_0_, pets1_.name as name2_1_1_, pets1_.birth_date as birth_da3_1_1_, pets1_.owner_id as owner_id4_1_1_, pets1_.type_id as type_id5_1_1_, pets1_.owner_id as owner_id4_0_0__, pets1_.id as id1_1_0__ from owners owner0_ left outer join pets pets1_ on owner0_.id=pets1_.owner_id where owner0_.last_name like ?
Hibernate: insert into owners (id, first_name, last_name, address, city, telephone) values (default, ?, ?, ?, ?, ?)
Hibernate: select distinct owner0_.id as id1_0_0_, pets1_.id as id1_1_1_, owner0_.first_name as first_na2_0_0_, owner0_.last_name as last_nam3_0_0_, owner0_.address as address4_0_0_, owner0_.city as city5_0_0_, owner0_.telephone as telephon6_0_0_, pets1_.name as name2_1_1_, pets1_.birth_date as birth_da3_1_1_, pets1_.owner_id as owner_id4_1_1_, pets1_.type_id as type_id5_1_1_, pets1_.owner_id as owner_id4_0_0__, pets1_.id as id1_1_0__ from owners owner0_ left outer join pets pets1_ on owner0_.id=pets1_.owner_id where owner0_.last_name like ?
INFO  TransactionContext - Rolled back transaction for test context [DefaultTestContext@dacf20 testClass = ClinicServiceJpaTests, testInstance = org.springframework.samples.petclinic.service.ClinicServiceJpaTests@53acd2, testMethod = insertOwner@AbstractClinicServiceTests, testException = [null], mergedContextConfiguration = [MergedContextConfiguration@307087 testClass = ClinicServiceJpaTests, locations = '{classpath:spring/business-config.xml}', classes = '{}', contextInitializerClasses = '[]', activeProfiles = '{jpa}', propertySourceLocations = '{}', propertySourceProperties = '{}', contextLoader = 'org.springframework.test.context.support.DelegatingSmartContextLoader', parent = [null]]].
INFO  TransactionContext - Began transaction (1) for test context [DefaultTestContext@dacf20 testClass = ClinicServiceJpaTests, testInstance = org.springframework.samples.petclinic.service.ClinicServiceJpaTests@a53104, testMethod = insertVisit@AbstractClinicServiceTests, testException = [null], mergedContextConfiguration = [MergedContextConfiguration@307087 testClass = ClinicServiceJpaTests, locations = '{classpath:spring/business-config.xml}', classes = '{}', contextInitializerClasses = '[]', activeProfiles = '{jpa}', propertySourceLocations = '{}', propertySourceProperties = '{}', contextLoader = 'org.springframework.test.context.support.DelegatingSmartContextLoader', parent = [null]]]; transaction manager [org.springframework.orm.jpa.JpaTransactionManager@20ef43]; rollback [true]
Hibernate: select pet0_.id as id1_1_0_, pet0_.name as name2_1_0_, pet0_.birth_date as birth_da3_1_0_, pet0_.owner_id as owner_id4_1_0_, pet0_.type_id as type_id5_1_0_, owner1_.id as id1_0_1_, owner1_.first_name as first_na2_0_1_, owner1_.last_name as last_nam3_0_1_, owner1_.address as address4_0_1_, owner1_.city as city5_0_1_, owner1_.telephone as telephon6_0_1_, pettype2_.id as id1_3_2_, pettype2_.name as name2_3_2_, visits3_.pet_id as pet_id4_1_3_, visits3_.id as id1_6_3_, visits3_.id as id1_6_4_, visits3_.visit_date as visit_da2_6_4_, visits3_.description as descript3_6_4_, visits3_.pet_id as pet_id4_6_4_ from pets pet0_ left outer join owners owner1_ on pet0_.owner_id=owner1_.id left outer join types pettype2_ on pet0_.type_id=pettype2_.id left outer join visits visits3_ on pet0_.id=visits3_.pet_id where pet0_.id=?
Hibernate: insert into visits (id, visit_date, description, pet_id) values (default, ?, ?, ?)
INFO  TransactionContext - Rolled back transaction for test context [DefaultTestContext@dacf20 testClass = ClinicServiceJpaTests, testInstance = org.springframework.samples.petclinic.service.ClinicServiceJpaTests@a53104, testMethod = insertVisit@AbstractClinicServiceTests, testException = [null], mergedContextConfiguration = [MergedContextConfiguration@307087 testClass = ClinicServiceJpaTests, locations = '{classpath:spring/business-config.xml}', classes = '{}', contextInitializerClasses = '[]', activeProfiles = '{jpa}', propertySourceLocations = '{}', propertySourceProperties = '{}', contextLoader = 'org.springframework.test.context.support.DelegatingSmartContextLoader', parent = [null]]].
INFO  TransactionContext - Began transaction (1) for test context [DefaultTestContext@dacf20 testClass = ClinicServiceJpaTests, testInstance = org.springframework.samples.petclinic.service.ClinicServiceJpaTests@c9a63, testMethod = findOwners@AbstractClinicServiceTests, testException = [null], mergedContextConfiguration = [MergedContextConfiguration@307087 testClass = ClinicServiceJpaTests, locations = '{classpath:spring/business-config.xml}', classes = '{}', contextInitializerClasses = '[]', activeProfiles = '{jpa}', propertySourceLocations = '{}', propertySourceProperties = '{}', contextLoader = 'org.springframework.test.context.support.DelegatingSmartContextLoader', parent = [null]]]; transaction manager [org.springframework.orm.jpa.JpaTransactionManager@20ef43]; rollback [true]
Hibernate: select distinct owner0_.id as id1_0_0_, pets1_.id as id1_1_1_, owner0_.first_name as first_na2_0_0_, owner0_.last_name as last_nam3_0_0_, owner0_.address as address4_0_0_, owner0_.city as city5_0_0_, owner0_.telephone as telephon6_0_0_, pets1_.name as name2_1_1_, pets1_.birth_date as birth_da3_1_1_, pets1_.owner_id as owner_id4_1_1_, pets1_.type_id as type_id5_1_1_, pets1_.owner_id as owner_id4_0_0__, pets1_.id as id1_1_0__ from owners owner0_ left outer join pets pets1_ on owner0_.id=pets1_.owner_id where owner0_.last_name like ?
Hibernate: select pettype0_.id as id1_3_0_, pettype0_.name as name2_3_0_ from types pettype0_ where pettype0_.id=?
Hibernate: select pettype0_.id as id1_3_0_, pettype0_.name as name2_3_0_ from types pettype0_ where pettype0_.id=?
Hibernate: select visits0_.pet_id as pet_id4_1_0_, visits0_.id as id1_6_0_, visits0_.id as id1_6_1_, visits0_.visit_date as visit_da2_6_1_, visits0_.description as descript3_6_1_, visits0_.pet_id as pet_id4_6_1_ from visits visits0_ where visits0_.pet_id=?
Hibernate: select visits0_.pet_id as pet_id4_1_0_, visits0_.id as id1_6_0_, visits0_.id as id1_6_1_, visits0_.visit_date as visit_da2_6_1_, visits0_.description as descript3_6_1_, visits0_.pet_id as pet_id4_6_1_ from visits visits0_ where visits0_.pet_id=?
Hibernate: select distinct owner0_.id as id1_0_0_, pets1_.id as id1_1_1_, owner0_.first_name as first_na2_0_0_, owner0_.last_name as last_nam3_0_0_, owner0_.address as address4_0_0_, owner0_.city as city5_0_0_, owner0_.telephone as telephon6_0_0_, pets1_.name as name2_1_1_, pets1_.birth_date as birth_da3_1_1_, pets1_.owner_id as owner_id4_1_1_, pets1_.type_id as type_id5_1_1_, pets1_.owner_id as owner_id4_0_0__, pets1_.id as id1_1_0__ from owners owner0_ left outer join pets pets1_ on owner0_.id=pets1_.owner_id where owner0_.last_name like ?
INFO  TransactionContext - Rolled back transaction for test context [DefaultTestContext@dacf20 testClass = ClinicServiceJpaTests, testInstance = org.springframework.samples.petclinic.service.ClinicServiceJpaTests@c9a63, testMethod = findOwners@AbstractClinicServiceTests, testException = [null], mergedContextConfiguration = [MergedContextConfiguration@307087 testClass = ClinicServiceJpaTests, locations = '{classpath:spring/business-config.xml}', classes = '{}', contextInitializerClasses = '[]', activeProfiles = '{jpa}', propertySourceLocations = '{}', propertySourceProperties = '{}', contextLoader = 'org.springframework.test.context.support.DelegatingSmartContextLoader', parent = [null]]].
Tests run: 10, Failures: 0, Errors: 0, Skipped: 0, Time elapsed: 1.356 sec
Running org.springframework.samples.petclinic.service.ClinicServiceSpringDataJpaTests
INFO  DefaultTestContextBootstrapper - Loaded default TestExecutionListener class names from location [META-INF/spring.factories]: [org.springframework.test.context.web.ServletTestExecutionListener, org.springframework.test.context.support.DependencyInjectionTestExecutionListener, org.springframework.test.context.support.DirtiesContextTestExecutionListener, org.springframework.test.context.transaction.TransactionalTestExecutionListener, org.springframework.test.context.jdbc.SqlScriptsTestExecutionListener]
INFO  DefaultTestContextBootstrapper - Using TestExecutionListeners: [org.springframework.test.context.web.ServletTestExecutionListener@faf104, org.springframework.test.context.support.DependencyInjectionTestExecutionListener@195851e, org.springframework.test.context.support.DirtiesContextTestExecutionListener@a2db72, org.springframework.test.context.transaction.TransactionalTestExecutionListener@1bddd98, org.springframework.test.context.jdbc.SqlScriptsTestExecutionListener@1c747a]
INFO  XmlBeanDefinitionReader - Loading XML bean definitions from class path resource [spring/business-config.xml]
INFO  XmlBeanDefinitionReader - Loading XML bean definitions from class path resource [spring/datasource-config.xml]
INFO  GenericApplicationContext - Refreshing org.springframework.context.support.GenericApplicationContext@1d4ac52: startup date [Fri Oct 12 12:54:38 IST 2018]; root of context hierarchy
INFO  PropertyPlaceholderConfigurer - Loading properties file from class path resource [spring/data-access.properties]
INFO  PropertyPlaceholderConfigurer - Loading properties file from class path resource [spring/data-access.properties]
INFO  LocalContainerEntityManagerFactoryBean - Building JPA container EntityManagerFactory for persistence unit 'petclinic'
INFO  LogHelper - HHH000204: Processing PersistenceUnitInfo [
	name: petclinic
	...]
INFO  Dialect - HHH000400: Using dialect: org.hibernate.dialect.HSQLDialect
INFO  ASTQueryTranslatorFactory - HHH000397: Using ASTQueryTranslatorFactory
WARN  EntityManagerFactoryRegistry - HHH000436: Entity manager factory name (petclinic) is already registered.  If entity manager will be clustered or passivated, specify a unique value for property 'hibernate.ejb.entitymanager_factory_name'
INFO  ScriptUtils - Executing SQL script from class path resource [db/hsqldb/initDB.sql]
INFO  ScriptUtils - Executed SQL script from class path resource [db/hsqldb/initDB.sql] in 0 ms.
INFO  ScriptUtils - Executing SQL script from class path resource [db/hsqldb/populateDB.sql]
INFO  ScriptUtils - Executed SQL script from class path resource [db/hsqldb/populateDB.sql] in 0 ms.
INFO  TransactionContext - Began transaction (1) for test context [DefaultTestContext@960e9d testClass = ClinicServiceSpringDataJpaTests, testInstance = org.springframework.samples.petclinic.service.ClinicServiceSpringDataJpaTests@1d8c1, testMethod = updatePet@AbstractClinicServiceTests, testException = [null], mergedContextConfiguration = [MergedContextConfiguration@1b5aeed testClass = ClinicServiceSpringDataJpaTests, locations = '{classpath:spring/business-config.xml}', classes = '{}', contextInitializerClasses = '[]', activeProfiles = '{spring-data-jpa}', propertySourceLocations = '{}', propertySourceProperties = '{}', contextLoader = 'org.springframework.test.context.support.DelegatingSmartContextLoader', parent = [null]]]; transaction manager [org.springframework.orm.jpa.JpaTransactionManager@1893ec1]; rollback [true]
Hibernate: select pet0_.id as id1_1_, pet0_.name as name2_1_, pet0_.birth_date as birth_da3_1_, pet0_.owner_id as owner_id4_1_, pet0_.type_id as type_id5_1_ from pets pet0_ where pet0_.id=?
Hibernate: select owner0_.id as id1_0_0_, owner0_.first_name as first_na2_0_0_, owner0_.last_name as last_nam3_0_0_, owner0_.address as address4_0_0_, owner0_.city as city5_0_0_, owner0_.telephone as telephon6_0_0_ from owners owner0_ where owner0_.id=?
Hibernate: select pettype0_.id as id1_3_0_, pettype0_.name as name2_3_0_ from types pettype0_ where pettype0_.id=?
Hibernate: select visits0_.pet_id as pet_id4_1_0_, visits0_.id as id1_6_0_, visits0_.id as id1_6_1_, visits0_.visit_date as visit_da2_6_1_, visits0_.description as descript3_6_1_, visits0_.pet_id as pet_id4_6_1_ from visits visits0_ where visits0_.pet_id=?
Hibernate: update pets set name=?, birth_date=?, owner_id=?, type_id=? where id=?
Hibernate: select pet0_.id as id1_1_, pet0_.name as name2_1_, pet0_.birth_date as birth_da3_1_, pet0_.owner_id as owner_id4_1_, pet0_.type_id as type_id5_1_ from pets pet0_ where pet0_.id=?
INFO  TransactionContext - Rolled back transaction for test context [DefaultTestContext@960e9d testClass = ClinicServiceSpringDataJpaTests, testInstance = org.springframework.samples.petclinic.service.ClinicServiceSpringDataJpaTests@1d8c1, testMethod = updatePet@AbstractClinicServiceTests, testException = [null], mergedContextConfiguration = [MergedContextConfiguration@1b5aeed testClass = ClinicServiceSpringDataJpaTests, locations = '{classpath:spring/business-config.xml}', classes = '{}', contextInitializerClasses = '[]', activeProfiles = '{spring-data-jpa}', propertySourceLocations = '{}', propertySourceProperties = '{}', contextLoader = 'org.springframework.test.context.support.DelegatingSmartContextLoader', parent = [null]]].
Hibernate: select pettype0_.id as id1_3_, pettype0_.name as name2_3_ from types pettype0_ order by pettype0_.name
Hibernate: select pettype0_.id as id1_3_, pettype0_.name as name2_3_ from types pettype0_ order by pettype0_.name
Hibernate: select pet0_.id as id1_1_, pet0_.name as name2_1_, pet0_.birth_date as birth_da3_1_, pet0_.owner_id as owner_id4_1_, pet0_.type_id as type_id5_1_ from pets pet0_ where pet0_.id=?
Hibernate: select owner0_.id as id1_0_0_, owner0_.first_name as first_na2_0_0_, owner0_.last_name as last_nam3_0_0_, owner0_.address as address4_0_0_, owner0_.city as city5_0_0_, owner0_.telephone as telephon6_0_0_ from owners owner0_ where owner0_.id=?
Hibernate: select pettype0_.id as id1_3_0_, pettype0_.name as name2_3_0_ from types pettype0_ where pettype0_.id=?
Hibernate: select visits0_.pet_id as pet_id4_1_0_, visits0_.id as id1_6_0_, visits0_.id as id1_6_1_, visits0_.visit_date as visit_da2_6_1_, visits0_.description as descript3_6_1_, visits0_.pet_id as pet_id4_6_1_ from visits visits0_ where visits0_.pet_id=?
Hibernate: select pet0_.id as id1_1_, pet0_.name as name2_1_, pet0_.birth_date as birth_da3_1_, pet0_.owner_id as owner_id4_1_, pet0_.type_id as type_id5_1_ from pets pet0_ where pet0_.id=?
Hibernate: select owner0_.id as id1_0_0_, owner0_.first_name as first_na2_0_0_, owner0_.last_name as last_nam3_0_0_, owner0_.address as address4_0_0_, owner0_.city as city5_0_0_, owner0_.telephone as telephon6_0_0_ from owners owner0_ where owner0_.id=?
Hibernate: select pettype0_.id as id1_3_0_, pettype0_.name as name2_3_0_ from types pettype0_ where pettype0_.id=?
Hibernate: select visits0_.pet_id as pet_id4_1_0_, visits0_.id as id1_6_0_, visits0_.id as id1_6_1_, visits0_.visit_date as visit_da2_6_1_, visits0_.description as descript3_6_1_, visits0_.pet_id as pet_id4_6_1_ from visits visits0_ where visits0_.pet_id=?
Hibernate: select vet0_.id as id1_5_, vet0_.first_name as first_na2_5_, vet0_.last_name as last_nam3_5_ from vets vet0_
Hibernate: select specialtie0_.vet_id as vet_id1_5_0_, specialtie0_.specialty_id as specialt2_4_0_, specialty1_.id as id1_2_1_, specialty1_.name as name2_2_1_ from vet_specialties specialtie0_ inner join specialties specialty1_ on specialtie0_.specialty_id=specialty1_.id where specialtie0_.vet_id=?
Hibernate: select specialtie0_.vet_id as vet_id1_5_0_, specialtie0_.specialty_id as specialt2_4_0_, specialty1_.id as id1_2_1_, specialty1_.name as name2_2_1_ from vet_specialties specialtie0_ inner join specialties specialty1_ on specialtie0_.specialty_id=specialty1_.id where specialtie0_.vet_id=?
Hibernate: select specialtie0_.vet_id as vet_id1_5_0_, specialtie0_.specialty_id as specialt2_4_0_, specialty1_.id as id1_2_1_, specialty1_.name as name2_2_1_ from vet_specialties specialtie0_ inner join specialties specialty1_ on specialtie0_.specialty_id=specialty1_.id where specialtie0_.vet_id=?
Hibernate: select specialtie0_.vet_id as vet_id1_5_0_, specialtie0_.specialty_id as specialt2_4_0_, specialty1_.id as id1_2_1_, specialty1_.name as name2_2_1_ from vet_specialties specialtie0_ inner join specialties specialty1_ on specialtie0_.specialty_id=specialty1_.id where specialtie0_.vet_id=?
Hibernate: select specialtie0_.vet_id as vet_id1_5_0_, specialtie0_.specialty_id as specialt2_4_0_, specialty1_.id as id1_2_1_, specialty1_.name as name2_2_1_ from vet_specialties specialtie0_ inner join specialties specialty1_ on specialtie0_.specialty_id=specialty1_.id where specialtie0_.vet_id=?
Hibernate: select specialtie0_.vet_id as vet_id1_5_0_, specialtie0_.specialty_id as specialt2_4_0_, specialty1_.id as id1_2_1_, specialty1_.name as name2_2_1_ from vet_specialties specialtie0_ inner join specialties specialty1_ on specialtie0_.specialty_id=specialty1_.id where specialtie0_.vet_id=?
INFO  TransactionContext - Began transaction (1) for test context [DefaultTestContext@960e9d testClass = ClinicServiceSpringDataJpaTests, testInstance = org.springframework.samples.petclinic.service.ClinicServiceSpringDataJpaTests@4a3e5d, testMethod = updateOwner@AbstractClinicServiceTests, testException = [null], mergedContextConfiguration = [MergedContextConfiguration@1b5aeed testClass = ClinicServiceSpringDataJpaTests, locations = '{classpath:spring/business-config.xml}', classes = '{}', contextInitializerClasses = '[]', activeProfiles = '{spring-data-jpa}', propertySourceLocations = '{}', propertySourceProperties = '{}', contextLoader = 'org.springframework.test.context.support.DelegatingSmartContextLoader', parent = [null]]]; transaction manager [org.springframework.orm.jpa.JpaTransactionManager@1893ec1]; rollback [true]
Hibernate: select owner0_.id as id1_0_0_, pets1_.id as id1_1_1_, owner0_.first_name as first_na2_0_0_, owner0_.last_name as last_nam3_0_0_, owner0_.address as address4_0_0_, owner0_.city as city5_0_0_, owner0_.telephone as telephon6_0_0_, pets1_.name as name2_1_1_, pets1_.birth_date as birth_da3_1_1_, pets1_.owner_id as owner_id4_1_1_, pets1_.type_id as type_id5_1_1_, pets1_.owner_id as owner_id4_0_0__, pets1_.id as id1_1_0__ from owners owner0_ left outer join pets pets1_ on owner0_.id=pets1_.owner_id where owner0_.id=?
Hibernate: select pettype0_.id as id1_3_0_, pettype0_.name as name2_3_0_ from types pettype0_ where pettype0_.id=?
Hibernate: select visits0_.pet_id as pet_id4_1_0_, visits0_.id as id1_6_0_, visits0_.id as id1_6_1_, visits0_.visit_date as visit_da2_6_1_, visits0_.description as descript3_6_1_, visits0_.pet_id as pet_id4_6_1_ from visits visits0_ where visits0_.pet_id=?
Hibernate: update owners set first_name=?, last_name=?, address=?, city=?, telephone=? where id=?
Hibernate: select owner0_.id as id1_0_0_, pets1_.id as id1_1_1_, owner0_.first_name as first_na2_0_0_, owner0_.last_name as last_nam3_0_0_, owner0_.address as address4_0_0_, owner0_.city as city5_0_0_, owner0_.telephone as telephon6_0_0_, pets1_.name as name2_1_1_, pets1_.birth_date as birth_da3_1_1_, pets1_.owner_id as owner_id4_1_1_, pets1_.type_id as type_id5_1_1_, pets1_.owner_id as owner_id4_0_0__, pets1_.id as id1_1_0__ from owners owner0_ left outer join pets pets1_ on owner0_.id=pets1_.owner_id where owner0_.id=?
INFO  TransactionContext - Rolled back transaction for test context [DefaultTestContext@960e9d testClass = ClinicServiceSpringDataJpaTests, testInstance = org.springframework.samples.petclinic.service.ClinicServiceSpringDataJpaTests@4a3e5d, testMethod = updateOwner@AbstractClinicServiceTests, testException = [null], mergedContextConfiguration = [MergedContextConfiguration@1b5aeed testClass = ClinicServiceSpringDataJpaTests, locations = '{classpath:spring/business-config.xml}', classes = '{}', contextInitializerClasses = '[]', activeProfiles = '{spring-data-jpa}', propertySourceLocations = '{}', propertySourceProperties = '{}', contextLoader = 'org.springframework.test.context.support.DelegatingSmartContextLoader', parent = [null]]].
INFO  TransactionContext - Began transaction (1) for test context [DefaultTestContext@960e9d testClass = ClinicServiceSpringDataJpaTests, testInstance = org.springframework.samples.petclinic.service.ClinicServiceSpringDataJpaTests@1a4dda2, testMethod = insertPet@AbstractClinicServiceTests, testException = [null], mergedContextConfiguration = [MergedContextConfiguration@1b5aeed testClass = ClinicServiceSpringDataJpaTests, locations = '{classpath:spring/business-config.xml}', classes = '{}', contextInitializerClasses = '[]', activeProfiles = '{spring-data-jpa}', propertySourceLocations = '{}', propertySourceProperties = '{}', contextLoader = 'org.springframework.test.context.support.DelegatingSmartContextLoader', parent = [null]]]; transaction manager [org.springframework.orm.jpa.JpaTransactionManager@1893ec1]; rollback [true]
Hibernate: select owner0_.id as id1_0_0_, pets1_.id as id1_1_1_, owner0_.first_name as first_na2_0_0_, owner0_.last_name as last_nam3_0_0_, owner0_.address as address4_0_0_, owner0_.city as city5_0_0_, owner0_.telephone as telephon6_0_0_, pets1_.name as name2_1_1_, pets1_.birth_date as birth_da3_1_1_, pets1_.owner_id as owner_id4_1_1_, pets1_.type_id as type_id5_1_1_, pets1_.owner_id as owner_id4_0_0__, pets1_.id as id1_1_0__ from owners owner0_ left outer join pets pets1_ on owner0_.id=pets1_.owner_id where owner0_.id=?
Hibernate: select pettype0_.id as id1_3_0_, pettype0_.name as name2_3_0_ from types pettype0_ where pettype0_.id=?
Hibernate: select visits0_.pet_id as pet_id4_1_0_, visits0_.id as id1_6_0_, visits0_.id as id1_6_1_, visits0_.visit_date as visit_da2_6_1_, visits0_.description as descript3_6_1_, visits0_.pet_id as pet_id4_6_1_ from visits visits0_ where visits0_.pet_id=?
Hibernate: select visits0_.pet_id as pet_id4_1_0_, visits0_.id as id1_6_0_, visits0_.id as id1_6_1_, visits0_.visit_date as visit_da2_6_1_, visits0_.description as descript3_6_1_, visits0_.pet_id as pet_id4_6_1_ from visits visits0_ where visits0_.pet_id=?
Hibernate: select pettype0_.id as id1_3_, pettype0_.name as name2_3_ from types pettype0_ order by pettype0_.name
Hibernate: insert into pets (id, name, birth_date, owner_id, type_id) values (default, ?, ?, ?, ?)
Hibernate: select owner0_.id as id1_0_0_, pets1_.id as id1_1_1_, owner0_.first_name as first_na2_0_0_, owner0_.last_name as last_nam3_0_0_, owner0_.address as address4_0_0_, owner0_.city as city5_0_0_, owner0_.telephone as telephon6_0_0_, pets1_.name as name2_1_1_, pets1_.birth_date as birth_da3_1_1_, pets1_.owner_id as owner_id4_1_1_, pets1_.type_id as type_id5_1_1_, pets1_.owner_id as owner_id4_0_0__, pets1_.id as id1_1_0__ from owners owner0_ left outer join pets pets1_ on owner0_.id=pets1_.owner_id where owner0_.id=?
INFO  TransactionContext - Rolled back transaction for test context [DefaultTestContext@960e9d testClass = ClinicServiceSpringDataJpaTests, testInstance = org.springframework.samples.petclinic.service.ClinicServiceSpringDataJpaTests@1a4dda2, testMethod = insertPet@AbstractClinicServiceTests, testException = [null], mergedContextConfiguration = [MergedContextConfiguration@1b5aeed testClass = ClinicServiceSpringDataJpaTests, locations = '{classpath:spring/business-config.xml}', classes = '{}', contextInitializerClasses = '[]', activeProfiles = '{spring-data-jpa}', propertySourceLocations = '{}', propertySourceProperties = '{}', contextLoader = 'org.springframework.test.context.support.DelegatingSmartContextLoader', parent = [null]]].
Hibernate: select owner0_.id as id1_0_0_, pets1_.id as id1_1_1_, owner0_.first_name as first_na2_0_0_, owner0_.last_name as last_nam3_0_0_, owner0_.address as address4_0_0_, owner0_.city as city5_0_0_, owner0_.telephone as telephon6_0_0_, pets1_.name as name2_1_1_, pets1_.birth_date as birth_da3_1_1_, pets1_.owner_id as owner_id4_1_1_, pets1_.type_id as type_id5_1_1_, pets1_.owner_id as owner_id4_0_0__, pets1_.id as id1_1_0__ from owners owner0_ left outer join pets pets1_ on owner0_.id=pets1_.owner_id where owner0_.id=?
Hibernate: select pettype0_.id as id1_3_0_, pettype0_.name as name2_3_0_ from types pettype0_ where pettype0_.id=?
Hibernate: select visits0_.pet_id as pet_id4_1_0_, visits0_.id as id1_6_0_, visits0_.id as id1_6_1_, visits0_.visit_date as visit_da2_6_1_, visits0_.description as descript3_6_1_, visits0_.pet_id as pet_id4_6_1_ from visits visits0_ where visits0_.pet_id=?
Hibernate: select owner0_.id as id1_0_0_, pets1_.id as id1_1_1_, owner0_.first_name as first_na2_0_0_, owner0_.last_name as last_nam3_0_0_, owner0_.address as address4_0_0_, owner0_.city as city5_0_0_, owner0_.telephone as telephon6_0_0_, pets1_.name as name2_1_1_, pets1_.birth_date as birth_da3_1_1_, pets1_.owner_id as owner_id4_1_1_, pets1_.type_id as type_id5_1_1_, pets1_.owner_id as owner_id4_0_0__, pets1_.id as id1_1_0__ from owners owner0_ left outer join pets pets1_ on owner0_.id=pets1_.owner_id where owner0_.id=?
Hibernate: select pettype0_.id as id1_3_0_, pettype0_.name as name2_3_0_ from types pettype0_ where pettype0_.id=?
Hibernate: select pettype0_.id as id1_3_0_, pettype0_.name as name2_3_0_ from types pettype0_ where pettype0_.id=?
Hibernate: select visits0_.pet_id as pet_id4_1_0_, visits0_.id as id1_6_0_, visits0_.id as id1_6_1_, visits0_.visit_date as visit_da2_6_1_, visits0_.description as descript3_6_1_, visits0_.pet_id as pet_id4_6_1_ from visits visits0_ where visits0_.pet_id=?
Hibernate: select visits0_.pet_id as pet_id4_1_0_, visits0_.id as id1_6_0_, visits0_.id as id1_6_1_, visits0_.visit_date as visit_da2_6_1_, visits0_.description as descript3_6_1_, visits0_.pet_id as pet_id4_6_1_ from visits visits0_ where visits0_.pet_id=?
INFO  TransactionContext - Began transaction (1) for test context [DefaultTestContext@960e9d testClass = ClinicServiceSpringDataJpaTests, testInstance = org.springframework.samples.petclinic.service.ClinicServiceSpringDataJpaTests@ed311e, testMethod = insertOwner@AbstractClinicServiceTests, testException = [null], mergedContextConfiguration = [MergedContextConfiguration@1b5aeed testClass = ClinicServiceSpringDataJpaTests, locations = '{classpath:spring/business-config.xml}', classes = '{}', contextInitializerClasses = '[]', activeProfiles = '{spring-data-jpa}', propertySourceLocations = '{}', propertySourceProperties = '{}', contextLoader = 'org.springframework.test.context.support.DelegatingSmartContextLoader', parent = [null]]]; transaction manager [org.springframework.orm.jpa.JpaTransactionManager@1893ec1]; rollback [true]
Hibernate: select distinct owner0_.id as id1_0_0_, pets1_.id as id1_1_1_, owner0_.first_name as first_na2_0_0_, owner0_.last_name as last_nam3_0_0_, owner0_.address as address4_0_0_, owner0_.city as city5_0_0_, owner0_.telephone as telephon6_0_0_, pets1_.name as name2_1_1_, pets1_.birth_date as birth_da3_1_1_, pets1_.owner_id as owner_id4_1_1_, pets1_.type_id as type_id5_1_1_, pets1_.owner_id as owner_id4_0_0__, pets1_.id as id1_1_0__ from owners owner0_ left outer join pets pets1_ on owner0_.id=pets1_.owner_id where owner0_.last_name like ?
Hibernate: insert into owners (id, first_name, last_name, address, city, telephone) values (default, ?, ?, ?, ?, ?)
Hibernate: select distinct owner0_.id as id1_0_0_, pets1_.id as id1_1_1_, owner0_.first_name as first_na2_0_0_, owner0_.last_name as last_nam3_0_0_, owner0_.address as address4_0_0_, owner0_.city as city5_0_0_, owner0_.telephone as telephon6_0_0_, pets1_.name as name2_1_1_, pets1_.birth_date as birth_da3_1_1_, pets1_.owner_id as owner_id4_1_1_, pets1_.type_id as type_id5_1_1_, pets1_.owner_id as owner_id4_0_0__, pets1_.id as id1_1_0__ from owners owner0_ left outer join pets pets1_ on owner0_.id=pets1_.owner_id where owner0_.last_name like ?
INFO  TransactionContext - Rolled back transaction for test context [DefaultTestContext@960e9d testClass = ClinicServiceSpringDataJpaTests, testInstance = org.springframework.samples.petclinic.service.ClinicServiceSpringDataJpaTests@ed311e, testMethod = insertOwner@AbstractClinicServiceTests, testException = [null], mergedContextConfiguration = [MergedContextConfiguration@1b5aeed testClass = ClinicServiceSpringDataJpaTests, locations = '{classpath:spring/business-config.xml}', classes = '{}', contextInitializerClasses = '[]', activeProfiles = '{spring-data-jpa}', propertySourceLocations = '{}', propertySourceProperties = '{}', contextLoader = 'org.springframework.test.context.support.DelegatingSmartContextLoader', parent = [null]]].
INFO  TransactionContext - Began transaction (1) for test context [DefaultTestContext@960e9d testClass = ClinicServiceSpringDataJpaTests, testInstance = org.springframework.samples.petclinic.service.ClinicServiceSpringDataJpaTests@f5b8fe, testMethod = insertVisit@AbstractClinicServiceTests, testException = [null], mergedContextConfiguration = [MergedContextConfiguration@1b5aeed testClass = ClinicServiceSpringDataJpaTests, locations = '{classpath:spring/business-config.xml}', classes = '{}', contextInitializerClasses = '[]', activeProfiles = '{spring-data-jpa}', propertySourceLocations = '{}', propertySourceProperties = '{}', contextLoader = 'org.springframework.test.context.support.DelegatingSmartContextLoader', parent = [null]]]; transaction manager [org.springframework.orm.jpa.JpaTransactionManager@1893ec1]; rollback [true]
Hibernate: select pet0_.id as id1_1_, pet0_.name as name2_1_, pet0_.birth_date as birth_da3_1_, pet0_.owner_id as owner_id4_1_, pet0_.type_id as type_id5_1_ from pets pet0_ where pet0_.id=?
Hibernate: select owner0_.id as id1_0_0_, owner0_.first_name as first_na2_0_0_, owner0_.last_name as last_nam3_0_0_, owner0_.address as address4_0_0_, owner0_.city as city5_0_0_, owner0_.telephone as telephon6_0_0_ from owners owner0_ where owner0_.id=?
Hibernate: select pettype0_.id as id1_3_0_, pettype0_.name as name2_3_0_ from types pettype0_ where pettype0_.id=?
Hibernate: select visits0_.pet_id as pet_id4_1_0_, visits0_.id as id1_6_0_, visits0_.id as id1_6_1_, visits0_.visit_date as visit_da2_6_1_, visits0_.description as descript3_6_1_, visits0_.pet_id as pet_id4_6_1_ from visits visits0_ where visits0_.pet_id=?
Hibernate: insert into visits (id, visit_date, description, pet_id) values (default, ?, ?, ?)
Hibernate: select pet0_.id as id1_1_, pet0_.name as name2_1_, pet0_.birth_date as birth_da3_1_, pet0_.owner_id as owner_id4_1_, pet0_.type_id as type_id5_1_ from pets pet0_ where pet0_.id=?
INFO  TransactionContext - Rolled back transaction for test context [DefaultTestContext@960e9d testClass = ClinicServiceSpringDataJpaTests, testInstance = org.springframework.samples.petclinic.service.ClinicServiceSpringDataJpaTests@f5b8fe, testMethod = insertVisit@AbstractClinicServiceTests, testException = [null], mergedContextConfiguration = [MergedContextConfiguration@1b5aeed testClass = ClinicServiceSpringDataJpaTests, locations = '{classpath:spring/business-config.xml}', classes = '{}', contextInitializerClasses = '[]', activeProfiles = '{spring-data-jpa}', propertySourceLocations = '{}', propertySourceProperties = '{}', contextLoader = 'org.springframework.test.context.support.DelegatingSmartContextLoader', parent = [null]]].
INFO  TransactionContext - Began transaction (1) for test context [DefaultTestContext@960e9d testClass = ClinicServiceSpringDataJpaTests, testInstance = org.springframework.samples.petclinic.service.ClinicServiceSpringDataJpaTests@a0c58b, testMethod = findOwners@AbstractClinicServiceTests, testException = [null], mergedContextConfiguration = [MergedContextConfiguration@1b5aeed testClass = ClinicServiceSpringDataJpaTests, locations = '{classpath:spring/business-config.xml}', classes = '{}', contextInitializerClasses = '[]', activeProfiles = '{spring-data-jpa}', propertySourceLocations = '{}', propertySourceProperties = '{}', contextLoader = 'org.springframework.test.context.support.DelegatingSmartContextLoader', parent = [null]]]; transaction manager [org.springframework.orm.jpa.JpaTransactionManager@1893ec1]; rollback [true]
Hibernate: select distinct owner0_.id as id1_0_0_, pets1_.id as id1_1_1_, owner0_.first_name as first_na2_0_0_, owner0_.last_name as last_nam3_0_0_, owner0_.address as address4_0_0_, owner0_.city as city5_0_0_, owner0_.telephone as telephon6_0_0_, pets1_.name as name2_1_1_, pets1_.birth_date as birth_da3_1_1_, pets1_.owner_id as owner_id4_1_1_, pets1_.type_id as type_id5_1_1_, pets1_.owner_id as owner_id4_0_0__, pets1_.id as id1_1_0__ from owners owner0_ left outer join pets pets1_ on owner0_.id=pets1_.owner_id where owner0_.last_name like ?
Hibernate: select pettype0_.id as id1_3_0_, pettype0_.name as name2_3_0_ from types pettype0_ where pettype0_.id=?
Hibernate: select pettype0_.id as id1_3_0_, pettype0_.name as name2_3_0_ from types pettype0_ where pettype0_.id=?
Hibernate: select visits0_.pet_id as pet_id4_1_0_, visits0_.id as id1_6_0_, visits0_.id as id1_6_1_, visits0_.visit_date as visit_da2_6_1_, visits0_.description as descript3_6_1_, visits0_.pet_id as pet_id4_6_1_ from visits visits0_ where visits0_.pet_id=?
Hibernate: select visits0_.pet_id as pet_id4_1_0_, visits0_.id as id1_6_0_, visits0_.id as id1_6_1_, visits0_.visit_date as visit_da2_6_1_, visits0_.description as descript3_6_1_, visits0_.pet_id as pet_id4_6_1_ from visits visits0_ where visits0_.pet_id=?
Hibernate: select distinct owner0_.id as id1_0_0_, pets1_.id as id1_1_1_, owner0_.first_name as first_na2_0_0_, owner0_.last_name as last_nam3_0_0_, owner0_.address as address4_0_0_, owner0_.city as city5_0_0_, owner0_.telephone as telephon6_0_0_, pets1_.name as name2_1_1_, pets1_.birth_date as birth_da3_1_1_, pets1_.owner_id as owner_id4_1_1_, pets1_.type_id as type_id5_1_1_, pets1_.owner_id as owner_id4_0_0__, pets1_.id as id1_1_0__ from owners owner0_ left outer join pets pets1_ on owner0_.id=pets1_.owner_id where owner0_.last_name like ?
INFO  TransactionContext - Rolled back transaction for test context [DefaultTestContext@960e9d testClass = ClinicServiceSpringDataJpaTests, testInstance = org.springframework.samples.petclinic.service.ClinicServiceSpringDataJpaTests@a0c58b, testMethod = findOwners@AbstractClinicServiceTests, testException = [null], mergedContextConfiguration = [MergedContextConfiguration@1b5aeed testClass = ClinicServiceSpringDataJpaTests, locations = '{classpath:spring/business-config.xml}', classes = '{}', contextInitializerClasses = '[]', activeProfiles = '{spring-data-jpa}', propertySourceLocations = '{}', propertySourceProperties = '{}', contextLoader = 'org.springframework.test.context.support.DelegatingSmartContextLoader', parent = [null]]].
Tests run: 10, Failures: 0, Errors: 0, Skipped: 0, Time elapsed: 0.375 sec
Running org.springframework.samples.petclinic.web.VisitsViewTests
INFO  WebTestContextBootstrapper - Loaded default TestExecutionListener class names from location [META-INF/spring.factories]: [org.springframework.test.context.web.ServletTestExecutionListener, org.springframework.test.context.support.DependencyInjectionTestExecutionListener, org.springframework.test.context.support.DirtiesContextTestExecutionListener, org.springframework.test.context.transaction.TransactionalTestExecutionListener, org.springframework.test.context.jdbc.SqlScriptsTestExecutionListener]
INFO  WebTestContextBootstrapper - Using TestExecutionListeners: [org.springframework.test.context.web.ServletTestExecutionListener@1f79ce, org.springframework.test.context.support.DependencyInjectionTestExecutionListener@a7e176, org.springframework.test.context.support.DirtiesContextTestExecutionListener@abed9d, org.springframework.test.context.transaction.TransactionalTestExecutionListener@1b2dfd, org.springframework.test.context.jdbc.SqlScriptsTestExecutionListener@12be039]
INFO  XmlBeanDefinitionReader - Loading XML bean definitions from class path resource [org/springframework/samples/petclinic/web/VisitsViewTests-config.xml]
INFO  XmlBeanDefinitionReader - Loading XML bean definitions from class path resource [spring/business-config.xml]
INFO  XmlBeanDefinitionReader - Loading XML bean definitions from class path resource [spring/datasource-config.xml]
INFO  XmlBeanDefinitionReader - Loading XML bean definitions from class path resource [spring/mvc-core-config.xml]
INFO  XmlBeanDefinitionReader - Loading XML bean definitions from class path resource [spring/mvc-view-config.xml]
INFO  GenericWebApplicationContext - Refreshing org.springframework.web.context.support.GenericWebApplicationContext@1f359f: startup date [Fri Oct 12 12:54:39 IST 2018]; root of context hierarchy
INFO  PropertyPlaceholderConfigurer - Loading properties file from class path resource [spring/data-access.properties]
INFO  PropertyPlaceholderConfigurer - Loading properties file from class path resource [spring/data-access.properties]
INFO  ScriptUtils - Executing SQL script from class path resource [db/hsqldb/initDB.sql]
INFO  ScriptUtils - Executed SQL script from class path resource [db/hsqldb/initDB.sql] in 3 ms.
INFO  ScriptUtils - Executing SQL script from class path resource [db/hsqldb/populateDB.sql]
INFO  ScriptUtils - Executed SQL script from class path resource [db/hsqldb/populateDB.sql] in 3 ms.
INFO  Jaxb2Marshaller - Creating JAXBContext with classes to be bound [class org.springframework.samples.petclinic.model.Vets]
INFO  RequestMappingHandlerMapping - Mapped "{[/oups],methods=[GET],params=[],headers=[],consumes=[],produces=[],custom=[]}" onto public java.lang.String org.springframework.samples.petclinic.web.CrashController.triggerException()
INFO  RequestMappingHandlerMapping - Mapped "{[/owners/{ownerId}],methods=[],params=[],headers=[],consumes=[],produces=[],custom=[]}" onto public org.springframework.web.servlet.ModelAndView org.springframework.samples.petclinic.web.OwnerController.showOwner(int)
INFO  RequestMappingHandlerMapping - Mapped "{[/owners/new],methods=[GET],params=[],headers=[],consumes=[],produces=[],custom=[]}" onto public java.lang.String org.springframework.samples.petclinic.web.OwnerController.initCreationForm(java.util.Map<java.lang.String, java.lang.Object>)
INFO  RequestMappingHandlerMapping - Mapped "{[/owners],methods=[GET],params=[],headers=[],consumes=[],produces=[],custom=[]}" onto public java.lang.String org.springframework.samples.petclinic.web.OwnerController.processFindForm(org.springframework.samples.petclinic.model.Owner,org.springframework.validation.BindingResult,java.util.Map<java.lang.String, java.lang.Object>)
INFO  RequestMappingHandlerMapping - Mapped "{[/owners/find],methods=[GET],params=[],headers=[],consumes=[],produces=[],custom=[]}" onto public java.lang.String org.springframework.samples.petclinic.web.OwnerController.initFindForm(java.util.Map<java.lang.String, java.lang.Object>)
INFO  RequestMappingHandlerMapping - Mapped "{[/owners/{ownerId}/edit],methods=[GET],params=[],headers=[],consumes=[],produces=[],custom=[]}" onto public java.lang.String org.springframework.samples.petclinic.web.OwnerController.initUpdateOwnerForm(int,org.springframework.ui.Model)
INFO  RequestMappingHandlerMapping - Mapped "{[/owners/new],methods=[POST],params=[],headers=[],consumes=[],produces=[],custom=[]}" onto public java.lang.String org.springframework.samples.petclinic.web.OwnerController.processCreationForm(org.springframework.samples.petclinic.model.Owner,org.springframework.validation.BindingResult,org.springframework.web.bind.support.SessionStatus)
INFO  RequestMappingHandlerMapping - Mapped "{[/owners/{ownerId}/edit],methods=[PUT],params=[],headers=[],consumes=[],produces=[],custom=[]}" onto public java.lang.String org.springframework.samples.petclinic.web.OwnerController.processUpdateOwnerForm(org.springframework.samples.petclinic.model.Owner,org.springframework.validation.BindingResult,org.springframework.web.bind.support.SessionStatus)
INFO  RequestMappingHandlerMapping - Mapped "{[/owners/*/pets/{petId}/edit],methods=[GET],params=[],headers=[],consumes=[],produces=[],custom=[]}" onto public java.lang.String org.springframework.samples.petclinic.web.PetController.initUpdateForm(int,java.util.Map<java.lang.String, java.lang.Object>)
INFO  RequestMappingHandlerMapping - Mapped "{[/owners/{ownerId}/pets/new],methods=[GET],params=[],headers=[],consumes=[],produces=[],custom=[]}" onto public java.lang.String org.springframework.samples.petclinic.web.PetController.initCreationForm(int,java.util.Map<java.lang.String, java.lang.Object>)
INFO  RequestMappingHandlerMapping - Mapped "{[/owners/{ownerId}/pets/new],methods=[POST],params=[],headers=[],consumes=[],produces=[],custom=[]}" onto public java.lang.String org.springframework.samples.petclinic.web.PetController.processCreationForm(org.springframework.samples.petclinic.model.Pet,org.springframework.validation.BindingResult,org.springframework.web.bind.support.SessionStatus)
INFO  RequestMappingHandlerMapping - Mapped "{[/owners/{ownerId}/pets/{petId}/edit],methods=[PUT || POST],params=[],headers=[],consumes=[],produces=[],custom=[]}" onto public java.lang.String org.springframework.samples.petclinic.web.PetController.processUpdateForm(org.springframework.samples.petclinic.model.Pet,org.springframework.validation.BindingResult,org.springframework.web.bind.support.SessionStatus)
INFO  RequestMappingHandlerMapping - Mapped "{[/vets],methods=[],params=[],headers=[],consumes=[],produces=[],custom=[]}" onto public java.lang.String org.springframework.samples.petclinic.web.VetController.showVetList(java.util.Map<java.lang.String, java.lang.Object>)
INFO  RequestMappingHandlerMapping - Mapped "{[/owners/*/pets/{petId}/visits/new],methods=[GET],params=[],headers=[],consumes=[],produces=[],custom=[]}" onto public java.lang.String org.springframework.samples.petclinic.web.VisitController.initNewVisitForm(int,java.util.Map<java.lang.String, java.lang.Object>)
INFO  RequestMappingHandlerMapping - Mapped "{[/owners/*/pets/{petId}/visits],methods=[GET],params=[],headers=[],consumes=[],produces=[],custom=[]}" onto public org.springframework.web.servlet.ModelAndView org.springframework.samples.petclinic.web.VisitController.showVisits(int)
INFO  RequestMappingHandlerMapping - Mapped "{[/owners/{ownerId}/pets/{petId}/visits/new],methods=[POST],params=[],headers=[],consumes=[],produces=[],custom=[]}" onto public java.lang.String org.springframework.samples.petclinic.web.VisitController.processNewVisitForm(org.springframework.samples.petclinic.model.Visit,org.springframework.validation.BindingResult,org.springframework.web.bind.support.SessionStatus)
INFO  RequestMappingHandlerAdapter - Looking for @ControllerAdvice: org.springframework.web.context.support.GenericWebApplicationContext@1f359f: startup date [Fri Oct 12 12:54:39 IST 2018]; root of context hierarchy
INFO  RequestMappingHandlerAdapter - Looking for @ControllerAdvice: org.springframework.web.context.support.GenericWebApplicationContext@1f359f: startup date [Fri Oct 12 12:54:39 IST 2018]; root of context hierarchy
INFO  SimpleUrlHandlerMapping - Mapped URL path [/resources/**] onto handler 'org.springframework.web.servlet.resource.ResourceHttpRequestHandler#0'
INFO  SimpleUrlHandlerMapping - Mapped URL path [/webjars/**] onto handler 'org.springframework.web.servlet.resource.ResourceHttpRequestHandler#1'
INFO  SimpleUrlHandlerMapping - Root mapping to handler of type [class org.springframework.web.servlet.mvc.ParameterizableViewController]
INFO  SimpleUrlHandlerMapping - Mapped URL path [/**] onto handler 'org.springframework.web.servlet.resource.DefaultServletHttpRequestHandler#0'
INFO  MockServletContext - Initializing Spring FrameworkServlet ''
INFO  TestDispatcherServlet - FrameworkServlet '': initialization started
INFO  TestDispatcherServlet - FrameworkServlet '': initialization completed in 16 ms

MockHttpServletRequest:
         HTTP Method = GET
         Request URI = /vets.xml
          Parameters = {}
             Headers = {Accept=[application/xml]}

             Handler:
                Type = org.springframework.samples.petclinic.web.VetController
              Method = public java.lang.String org.springframework.samples.petclinic.web.VetController.showVetList(java.util.Map<java.lang.String, java.lang.Object>)

               Async:
Tests run: 1, Failures: 0, Errors: 1, Skipped: 0, Time elapsed: 0.836 sec <<< FAILURE!
getVisitsXml(org.springframework.samples.petclinic.web.VisitsViewTests)  Time elapsed: 0.067 sec  <<< ERROR!
java.lang.NoSuchMethodError: javax.servlet.http.HttpServletRequest.isAsyncStarted()Z
	at org.springframework.test.web.servlet.result.PrintingResultHandler.printAsyncResult(PrintingResultHandler.java:131)
	at org.springframework.test.web.servlet.result.PrintingResultHandler.handle(PrintingResultHandler.java:80)
	at org.springframework.test.web.servlet.MockMvc$1.andDo(MockMvc.java:159)
	at org.springframework.samples.petclinic.web.VisitsViewTests.getVisitsXml(VisitsViewTests.java:64)

INFO  GenericApplicationContext - Closing org.springframework.context.support.GenericApplicationContext@8b5227: startup date [Fri Oct 12 12:54:37 IST 2018]; root of context hierarchy
INFO  GenericApplicationContext - Closing org.springframework.context.support.GenericApplicationContext@1d4ac52: startup date [Fri Oct 12 12:54:38 IST 2018]; root of context hierarchy
INFO  LocalContainerEntityManagerFactoryBean - Closing JPA EntityManagerFactory for persistence unit 'petclinic'
INFO  LocalContainerEntityManagerFactoryBean - Closing JPA EntityManagerFactory for persistence unit 'petclinic'
INFO  GenericWebApplicationContext - Closing org.springframework.web.context.support.GenericWebApplicationContext@1f359f: startup date [Fri Oct 12 12:54:39 IST 2018]; root of context hierarchy
INFO  GenericApplicationContext - Closing org.springframework.context.support.GenericApplicationContext@55dd0c: startup date [Fri Oct 12 12:54:36 IST 2018]; root of context hierarchy

Results :

Tests in error: 
  VisitsViewTests.getVisitsXml:64  NoSuchMethod javax.servlet.http.HttpServletR...

Tests run: 33, Failures: 0, Errors: 1, Skipped: 0

[INFO] ------------------------------------------------------------------------
[INFO] BUILD FAILURE
[INFO] ------------------------------------------------------------------------
[INFO] Total time: 7.364 s
[INFO] Finished at: 2018-10-12T12:54:40+05:30
[INFO] Final Memory: 21M/52M
[INFO] ------------------------------------------------------------------------
[ERROR] Failed to execute goal org.apache.maven.plugins:maven-surefire-plugin:2.13:test (default-test) on project spring-petclinic: There are test failures.
[ERROR] 
[ERROR] Please refer to E:\App\Network_Spring_selenium\PetClinic-App-master\target\surefire-reports for the individual test results.
[ERROR] -> [Help 1]
[ERROR] 
[ERROR] To see the full stack trace of the errors, re-run Maven with the -e switch.
[ERROR] Re-run Maven using the -X switch to enable full debug logging.
[ERROR] 
[ERROR] For more information about the errors and possible solutions, please read the following articles:
[ERROR] [Help 1] http://cwiki.apache.org/confluence/display/MAVEN/MojoFailureException
